sysname  = "Linux"
nodename = "unix1.lt.ucsc.edu"
release  = "3.10.0-327.22.2.el7.x86_64"
version  = "#1 SMP Thu Jun 23 17:05:11 UTC 2016"
machine  = "x86_64"
sizeof (char**) = 8
sizeof (uintptr_t) = 8, (uintptr_t) argv = 140725506758248
           (nil): NULL: NULL

Addresses of some stack variables:
  0x7ffd35d7546c: &level: address of a stack variable at level 5
  0x7ffd35d7549c: &level: address of a stack variable at level 4
  0x7ffd35d754cc: &level: address of a stack variable at level 3
  0x7ffd35d754fc: &level: address of a stack variable at level 2
  0x7ffd35d7552c: &level: address of a stack variable at level 1
  0x7ffd35d75564: &main_local: address of a local variable in main
  0x7ffd35d7555c: &argc: address of argc
  0x7ffd35d75550: &argv: address of argv
  0x7ffd35d75668: argv: address of arg vector
  0x7ffd35d75678: environ: address of environ vector
  0x7ffd35d76feb: stack_bottom (environ): byte at bottom of stack

Addresses of some static variables:
        0x400a40: printf: (text) address of the printf() function
        0x400af0: &_start: start of program text
        0x400db7: main: (text) address of the main() function
        0x40112d: &_etext: end of program text
        0x6020a0: &init_var: address of an init static variable
        0x6020c0: &_edata: end of init data segment
        0x602100: &uninit_var1: address of an uninit static variable1
        0x603100: &uninit_var2: address of an uninit static variable2
        0x604100: &_end: end of uninit data segment

Addresses of some heap variables:
        0xf0d030: heap_variable: heap variable  0
        0xf0e040: heap_variable: heap variable  1
        0xf0f050: heap_variable: heap variable  2
        0xf10060: heap_variable: heap variable  3
        0xf11070: heap_variable: heap variable  4
        0xf12080: heap_variable: heap variable  5
        0xf13090: heap_variable: heap variable  6
        0xf140a0: heap_variable: heap variable  7
        0xf150b0: heap_variable: heap variable  8
        0xf160c0: heap_variable: heap variable  9
